<?xml version="1.0" encoding="UTF-8"?>
<testsuite xmlns:xsi="http://www.w3.org/2001/XMLSchema-instance" xsi:schemaLocation="https://maven.apache.org/surefire/maven-surefire-plugin/xsd/surefire-test-report.xsd" name="com.ctrip.framework.apollo.AllTests" time="29.646" tests="142" errors="0" skipped="0" failures="0">
  <properties>
[...]
</properties>
  <testcase name="testMockConfigFactory" classname="com.ctrip.framework.apollo.ConfigServiceTest" time="0.467"/>
  <testcase name="testHackConfigFactory" classname="com.ctrip.framework.apollo.ConfigServiceTest" time="0.005"/>
  <testcase name="testHackConfig" classname="com.ctrip.framework.apollo.ConfigServiceTest" time="0.004"/>
  <testcase name="testMockConfigFactoryForConfigFile" classname="com.ctrip.framework.apollo.ConfigServiceTest" time="0.004"/>
  <testcase name="testGetFactory" classname="com.ctrip.framework.apollo.spi.DefaultConfigRegistryTest" time="0.001"/>
  <testcase name="testGetFactoryWithNamespaceUnregistered" classname="com.ctrip.framework.apollo.spi.DefaultConfigRegistryTest" time="0"/>
  <testcase name="testGetFactoryFromRegistry" classname="com.ctrip.framework.apollo.spi.DefaultConfigFactoryManagerTest" time="0"/>
  <testcase name="testGetFactoryFromNamespace" classname="com.ctrip.framework.apollo.spi.DefaultConfigFactoryManagerTest" time="0.001"/>
  <testcase name="testGetFactoryFromNamespaceMultipleTimes" classname="com.ctrip.framework.apollo.spi.DefaultConfigFactoryManagerTest" time="0"/>
  <testcase name="testGetFactoryFromDefault" classname="com.ctrip.framework.apollo.spi.DefaultConfigFactoryManagerTest" time="0.001"/>
  <testcase name="testGetConfigFile" classname="com.ctrip.framework.apollo.internals.DefaultConfigManagerTest" time="0.077"/>
  <testcase name="testGetConfigMultipleTimesWithSameNamespace" classname="com.ctrip.framework.apollo.internals.DefaultConfigManagerTest" time="0.001"/>
  <testcase name="testGetConfig" classname="com.ctrip.framework.apollo.internals.DefaultConfigManagerTest" time="0"/>
  <testcase name="testGetConfigFileMultipleTimesWithSameNamespace" classname="com.ctrip.framework.apollo.internals.DefaultConfigManagerTest" time="0.001"/>
  <testcase name="testGetLongProperty" classname="com.ctrip.framework.apollo.internals.DefaultConfigTest" time="0.013"/>
  <testcase name="testGetIntProperty" classname="com.ctrip.framework.apollo.internals.DefaultConfigTest" time="0.002"/>
  <testcase name="testGetByteProperty" classname="com.ctrip.framework.apollo.internals.DefaultConfigTest" time="0.001"/>
  <testcase name="testOnRepositoryChange" classname="com.ctrip.framework.apollo.internals.DefaultConfigTest" time="0.013"/>
  <testcase name="testGetIntPropertyMultipleTimesWithCache" classname="com.ctrip.framework.apollo.internals.DefaultConfigTest" time="0.014"/>
  <testcase name="testGetIntPropertyMultipleTimesWithShortExpireTime" classname="com.ctrip.framework.apollo.internals.DefaultConfigTest" time="0.053"/>
  <testcase name="testGetFloatProperty" classname="com.ctrip.framework.apollo.internals.DefaultConfigTest" time="0.003"/>
  <testcase name="testGetDoubleProperty" classname="com.ctrip.framework.apollo.internals.DefaultConfigTest" time="0.001"/>
  <testcase name="testGetEnumProperty" classname="com.ctrip.framework.apollo.internals.DefaultConfigTest" time="0.002"/>
  <testcase name="testGetArrayProperty" classname="com.ctrip.framework.apollo.internals.DefaultConfigTest" time="0.002"/>
  <testcase name="testGetShortProperty" classname="com.ctrip.framework.apollo.internals.DefaultConfigTest" time="0.001"/>
  <testcase name="testGetArrayPropertyMultipleTimesWithCacheAndValueChanges" classname="com.ctrip.framework.apollo.internals.DefaultConfigTest" time="0.001"/>
  <testcase name="testGetDatePropertyWithFormat" classname="com.ctrip.framework.apollo.internals.DefaultConfigTest" time="0.006"/>
  <testcase name="testGetIntPropertyMultipleTimesWithPropertyChanges" classname="com.ctrip.framework.apollo.internals.DefaultConfigTest" time="0.001"/>
  <testcase name="testGetDatePropertyWithNoFormat" classname="com.ctrip.framework.apollo.internals.DefaultConfigTest" time="0.001"/>
  <testcase name="testGetPropertyWithAllPropertyHierarchy" classname="com.ctrip.framework.apollo.internals.DefaultConfigTest" time="0.016"/>
  <testcase name="testGetBooleanProperty" classname="com.ctrip.framework.apollo.internals.DefaultConfigTest" time="0.001"/>
  <testcase name="testGetArrayPropertyMultipleTimesWithCache" classname="com.ctrip.framework.apollo.internals.DefaultConfigTest" time="0.001"/>
  <testcase name="testGetDurationProperty" classname="com.ctrip.framework.apollo.internals.DefaultConfigTest" time="0.001"/>
  <testcase name="testGetIntPropertyMultipleTimesWithSmallCache" classname="com.ctrip.framework.apollo.internals.DefaultConfigTest" time="0.003"/>
  <testcase name="testLoadConfigWithNoLocalFile" classname="com.ctrip.framework.apollo.internals.LocalFileConfigRepositoryTest" time="0.011"/>
  <testcase name="testOnRepositoryChange" classname="com.ctrip.framework.apollo.internals.LocalFileConfigRepositoryTest" time="0.009"/>
  <testcase name="testLoadConfigWithLocalFileAndFallbackRepo" classname="com.ctrip.framework.apollo.internals.LocalFileConfigRepositoryTest" time="0.006"/>
  <testcase name="testLoadConfigWithNoLocalFileMultipleTimes" classname="com.ctrip.framework.apollo.internals.LocalFileConfigRepositoryTest" time="0.003"/>
  <testcase name="testLoadConfigWithLocalFile" classname="com.ctrip.framework.apollo.internals.LocalFileConfigRepositoryTest" time="0.006"/>
  <testcase name="testAssembleQueryConfigUrl" classname="com.ctrip.framework.apollo.internals.RemoteConfigRepositoryTest" time="4.616"/>
  <testcase name="testLoadConfig" classname="com.ctrip.framework.apollo.internals.RemoteConfigRepositoryTest" time="0.002"/>
  <testcase name="testGetRemoteConfigWithServerError" classname="com.ctrip.framework.apollo.internals.RemoteConfigRepositoryTest" time="0.045"/>
  <testcase name="testLongPollingRefresh" classname="com.ctrip.framework.apollo.internals.RemoteConfigRepositoryTest" time="0.062"/>
  <testcase name="testRepositoryChangeListener" classname="com.ctrip.framework.apollo.internals.RemoteConfigRepositoryTest" time="0.007"/>
  <testcase name="testOnRepositoryChange" classname="com.ctrip.framework.apollo.internals.SimpleConfigTest" time="0.002"/>
  <testcase name="testLoadConfigFromConfigRepositoryError" classname="com.ctrip.framework.apollo.internals.SimpleConfigTest" time="0.002"/>
  <testcase name="testGetProperty" classname="com.ctrip.framework.apollo.internals.SimpleConfigTest" time="0"/>
  <testcase name="testCreateLocalConfigRepositoryInLocalDev" classname="com.ctrip.framework.apollo.spi.DefaultConfigFactoryTest" time="0.025"/>
  <testcase name="testCreate" classname="com.ctrip.framework.apollo.spi.DefaultConfigFactoryTest" time="0.005"/>
  <testcase name="testCreateConfigFile" classname="com.ctrip.framework.apollo.spi.DefaultConfigFactoryTest" time="0.003"/>
  <testcase name="testGetConfigWithNoLocalFileAndRemoteMetaServiceRetry" classname="com.ctrip.framework.apollo.integration.ConfigIntegrationTest" time="2.347"/>
  <testcase name="testGetConfigWithLocalFileAndWithRemoteConfig" classname="com.ctrip.framework.apollo.integration.ConfigIntegrationTest" time="2.048"/>
  <testcase name="testLongPollRefresh" classname="com.ctrip.framework.apollo.integration.ConfigIntegrationTest" time="2.146"/>
  <testcase name="testRefreshConfig" classname="com.ctrip.framework.apollo.integration.ConfigIntegrationTest" time="2.549"/>
  <testcase name="testGetConfigWithLocalFileAndRemoteConfigError" classname="com.ctrip.framework.apollo.integration.ConfigIntegrationTest" time="2.125"/>
  <testcase name="testGetConfigWithNoLocalFileAndRemoteConfigServiceRetry" classname="com.ctrip.framework.apollo.integration.ConfigIntegrationTest" time="2.056"/>
  <testcase name="testGetConfigWithNoLocalFileAndRemoteConfigError" classname="com.ctrip.framework.apollo.integration.ConfigIntegrationTest" time="2.138"/>
  <testcase name="testLongPollRefreshWithMultipleNamespacesAndMultipleNamespaceNotified" classname="com.ctrip.framework.apollo.integration.ConfigIntegrationTest" time="2.318"/>
  <testcase name="testLongPollRefreshWithMultipleNamespacesAndOnlyOneNamespaceNotified" classname="com.ctrip.framework.apollo.integration.ConfigIntegrationTest" time="3.064"/>
  <testcase name="testGetConfigWithNoLocalFileButWithRemoteConfig" classname="com.ctrip.framework.apollo.integration.ConfigIntegrationTest" time="2.053"/>
  <testcase name="testGetDetailMessageWithCauseMessageNull" classname="com.ctrip.framework.apollo.util.ExceptionUtilTest" time="0"/>
  <testcase name="testGetDetailMessageWithNoCause" classname="com.ctrip.framework.apollo.util.ExceptionUtilTest" time="0"/>
  <testcase name="testGetDetailMessageWithNullMessage" classname="com.ctrip.framework.apollo.util.ExceptionUtilTest" time="0"/>
  <testcase name="testGetDetailMessageWithCauses" classname="com.ctrip.framework.apollo.util.ExceptionUtilTest" time="0"/>
  <testcase name="testOnRepositoryChange" classname="com.ctrip.framework.apollo.internals.XmlConfigFileTest" time="0.002"/>
  <testcase name="testWhenHasContent" classname="com.ctrip.framework.apollo.internals.XmlConfigFileTest" time="0"/>
  <testcase name="testWhenHasNoContent" classname="com.ctrip.framework.apollo.internals.XmlConfigFileTest" time="0.001"/>
  <testcase name="testWhenConfigRepositoryHasError" classname="com.ctrip.framework.apollo.internals.XmlConfigFileTest" time="0.001"/>
  <testcase name="testOnRepositoryChangeWithContentAdded" classname="com.ctrip.framework.apollo.internals.XmlConfigFileTest" time="0.001"/>
  <testcase name="testWhenConfigRepositoryHasErrorAndThenRecovered" classname="com.ctrip.framework.apollo.internals.XmlConfigFileTest" time="0.001"/>
  <testcase name="testOnRepositoryChangeWithContentDeleted" classname="com.ctrip.framework.apollo.internals.XmlConfigFileTest" time="0.001"/>
  <testcase name="testOnRepositoryChange" classname="com.ctrip.framework.apollo.internals.PropertiesConfigFileTest" time="0.002"/>
  <testcase name="testWhenHasContent" classname="com.ctrip.framework.apollo.internals.PropertiesConfigFileTest" time="0"/>
  <testcase name="testWhenHasNoContent" classname="com.ctrip.framework.apollo.internals.PropertiesConfigFileTest" time="0"/>
  <testcase name="testWhenConfigRepositoryHasError" classname="com.ctrip.framework.apollo.internals.PropertiesConfigFileTest" time="0"/>
  <testcase name="testWhenConfigRepositoryHasErrorAndThenRecovered" classname="com.ctrip.framework.apollo.internals.PropertiesConfigFileTest" time="0.001"/>
  <testcase name="testAssembleLongPollRefreshUrlWithMultipleNamespaces" classname="com.ctrip.framework.apollo.internals.RemoteConfigLongPollServiceTest" time="0.001"/>
  <testcase name="testSubmitLongPollNamespaceWith304Response" classname="com.ctrip.framework.apollo.internals.RemoteConfigLongPollServiceTest" time="0.055"/>
  <testcase name="testSubmitLongPollMultipleNamespacesWithMultipleNotificationsReturned" classname="com.ctrip.framework.apollo.internals.RemoteConfigLongPollServiceTest" time="0.055"/>
  <testcase name="testSubmitLongPollNamespaceWith200Response" classname="com.ctrip.framework.apollo.internals.RemoteConfigLongPollServiceTest" time="0.053"/>
  <testcase name="testAssembleLongPollRefreshUrl" classname="com.ctrip.framework.apollo.internals.RemoteConfigLongPollServiceTest" time="0"/>
  <testcase name="testSubmitLongPollMultipleNamespaces" classname="com.ctrip.framework.apollo.internals.RemoteConfigLongPollServiceTest" time="0.106"/>
  <testcase name="testParseWithFormatAndLocale" classname="com.ctrip.framework.apollo.util.parser.DateParserTest" time="0.002"/>
  <testcase name="testParseMediumFormat" classname="com.ctrip.framework.apollo.util.parser.DateParserTest" time="0"/>
  <testcase name="testParseError" classname="com.ctrip.framework.apollo.util.parser.DateParserTest" time="0"/>
  <testcase name="testParseShortFormat" classname="com.ctrip.framework.apollo.util.parser.DateParserTest" time="0.001"/>
  <testcase name="testParseLongFormat" classname="com.ctrip.framework.apollo.util.parser.DateParserTest" time="0"/>
  <testcase name="testParseWithNoFormat" classname="com.ctrip.framework.apollo.util.parser.DateParserTest" time="0.001"/>
  <testcase name="testParseFullText" classname="com.ctrip.framework.apollo.util.parser.DurationParserTest" time="0"/>
  <testcase name="testParseHours" classname="com.ctrip.framework.apollo.util.parser.DurationParserTest" time="0"/>
  <testcase name="testParseDays" classname="com.ctrip.framework.apollo.util.parser.DurationParserTest" time="0"/>
  <testcase name="testParseMinutes" classname="com.ctrip.framework.apollo.util.parser.DurationParserTest" time="0"/>
  <testcase name="testParseSeconds" classname="com.ctrip.framework.apollo.util.parser.DurationParserTest" time="0"/>
  <testcase name="testParseFullTextWithLowerCase" classname="com.ctrip.framework.apollo.util.parser.DurationParserTest" time="0"/>
  <testcase name="testParseMilliSeconds" classname="com.ctrip.framework.apollo.util.parser.DurationParserTest" time="0"/>
  <testcase name="testParseException" classname="com.ctrip.framework.apollo.util.parser.DurationParserTest" time="0.001"/>
  <testcase name="testParseMilliSecondsWithNoSuffix" classname="com.ctrip.framework.apollo.util.parser.DurationParserTest" time="0"/>
  <testcase name="testParseFullTextWithNoMS" classname="com.ctrip.framework.apollo.util.parser.DurationParserTest" time="0"/>
  <testcase name="testOnRepositoryChange" classname="com.ctrip.framework.apollo.internals.JsonConfigFileTest" time="0"/>
  <testcase name="testWhenHasContent" classname="com.ctrip.framework.apollo.internals.JsonConfigFileTest" time="0.001"/>
  <testcase name="testWhenHasNoContent" classname="com.ctrip.framework.apollo.internals.JsonConfigFileTest" time="0"/>
  <testcase name="testWhenConfigRepositoryHasError" classname="com.ctrip.framework.apollo.internals.JsonConfigFileTest" time="0"/>
  <testcase name="testWhenConfigRepositoryHasErrorAndThenRecovered" classname="com.ctrip.framework.apollo.internals.JsonConfigFileTest" time="0.001"/>
  <testcase name="testMultiplePropertySourcesWithSameProperties" classname="com.ctrip.framework.apollo.spring.XmlConfigPlaceholderTest" time="0.227"/>
  <testcase name="testPropertySourceWithNoConfig" classname="com.ctrip.framework.apollo.spring.XmlConfigPlaceholderTest" time="0.042"/>
  <testcase name="testMultiplePropertySources" classname="com.ctrip.framework.apollo.spring.XmlConfigPlaceholderTest" time="0.021"/>
  <testcase name="testWithInvalidWeight" classname="com.ctrip.framework.apollo.spring.XmlConfigPlaceholderTest" time="0.021"/>
  <testcase name="testApplicationPropertySource" classname="com.ctrip.framework.apollo.spring.XmlConfigPlaceholderTest" time="0.015"/>
  <testcase name="testMultiplePropertySourcesWithSamePropertiesWithWeight" classname="com.ctrip.framework.apollo.spring.XmlConfigPlaceholderTest" time="0.022"/>
  <testcase name="testPropertySourceWithNoNamespace" classname="com.ctrip.framework.apollo.spring.XmlConfigPlaceholderTest" time="0.026"/>
  <testcase name="testMultiplePropertySourcesWithSameProperties" classname="com.ctrip.framework.apollo.spring.JavaConfigPlaceholderTest" time="0.159"/>
  <testcase name="testPropertySourceWithNoConfig" classname="com.ctrip.framework.apollo.spring.JavaConfigPlaceholderTest" time="0.023"/>
  <testcase name="testApplicationPropertySourceWithValueInjectedAsParameter" classname="com.ctrip.framework.apollo.spring.JavaConfigPlaceholderTest" time="0.024"/>
  <testcase name="testMultiplePropertySources" classname="com.ctrip.framework.apollo.spring.JavaConfigPlaceholderTest" time="0.012"/>
  <testcase name="testApplicationPropertySource" classname="com.ctrip.framework.apollo.spring.JavaConfigPlaceholderTest" time="0.027"/>
  <testcase name="testMultiplePropertySourcesWithSamePropertiesWithWeight" classname="com.ctrip.framework.apollo.spring.JavaConfigPlaceholderTest" time="0.022"/>
  <testcase name="testPropertySourceWithNoNamespace" classname="com.ctrip.framework.apollo.spring.JavaConfigPlaceholderTest" time="0.011"/>
  <testcase name="testApolloConfigChangeListenerWithWrongParamType" classname="com.ctrip.framework.apollo.spring.XMLConfigAnnotationTest" time="0.019"/>
  <testcase name="testApolloConfigWithWrongFieldType" classname="com.ctrip.framework.apollo.spring.XMLConfigAnnotationTest" time="0.024"/>
  <testcase name="testApolloConfigChangeListenerWithWrongParamCount" classname="com.ctrip.framework.apollo.spring.XMLConfigAnnotationTest" time="0.025"/>
  <testcase name="testApolloConfigChangeListener" classname="com.ctrip.framework.apollo.spring.XMLConfigAnnotationTest" time="0.021"/>
  <testcase name="testApolloConfig" classname="com.ctrip.framework.apollo.spring.XMLConfigAnnotationTest" time="0.012"/>
  <testcase name="testApolloConfigChangeListenerWithWrongParamType" classname="com.ctrip.framework.apollo.spring.JavaConfigAnnotationTest" time="0.015"/>
  <testcase name="testApolloConfigWithWrongFieldType" classname="com.ctrip.framework.apollo.spring.JavaConfigAnnotationTest" time="0.018"/>
  <testcase name="testApolloConfigChangeListenerWithWrongParamCount" classname="com.ctrip.framework.apollo.spring.JavaConfigAnnotationTest" time="0.021"/>
  <testcase name="testApolloConfigChangeListener" classname="com.ctrip.framework.apollo.spring.JavaConfigAnnotationTest" time="0.026"/>
  <testcase name="testApolloConfig" classname="com.ctrip.framework.apollo.spring.JavaConfigAnnotationTest" time="0.019"/>
  <testcase name="testCustomizeRefreshInterval" classname="com.ctrip.framework.apollo.util.ConfigUtilTest" time="0"/>
  <testcase name="testCustomizeInvalidReadTimeout" classname="com.ctrip.framework.apollo.util.ConfigUtilTest" time="0"/>
  <testcase name="testCustomizeInvalidLongPollQPS" classname="com.ctrip.framework.apollo.util.ConfigUtilTest" time="0.001"/>
  <testcase name="testCustomizeInvalidLongPollingInitialDelayInMills" classname="com.ctrip.framework.apollo.util.ConfigUtilTest" time="0"/>
  <testcase name="testCustomizeLongPollingInitialDelayInMills" classname="com.ctrip.framework.apollo.util.ConfigUtilTest" time="0"/>
  <testcase name="testCustomizeInvalidConnectTimeout" classname="com.ctrip.framework.apollo.util.ConfigUtilTest" time="0"/>
  <testcase name="testApolloCluster" classname="com.ctrip.framework.apollo.util.ConfigUtilTest" time="0"/>
  <testcase name="testCustomizeMaxConfigCacheSize" classname="com.ctrip.framework.apollo.util.ConfigUtilTest" time="0"/>
  <testcase name="testCustomizeInvalidLoadConfigQPS" classname="com.ctrip.framework.apollo.util.ConfigUtilTest" time="0.001"/>
  <testcase name="testCustomizeLoadConfigQPS" classname="com.ctrip.framework.apollo.util.ConfigUtilTest" time="0"/>
  <testcase name="testCustomizeConnectTimeout" classname="com.ctrip.framework.apollo.util.ConfigUtilTest" time="0"/>
  <testcase name="testCustomizeReadTimeout" classname="com.ctrip.framework.apollo.util.ConfigUtilTest" time="0"/>
  <testcase name="testCustomizeLongPollQPS" classname="com.ctrip.framework.apollo.util.ConfigUtilTest" time="0"/>
  <testcase name="testCustomizeInvalidRefreshInterval" classname="com.ctrip.framework.apollo.util.ConfigUtilTest" time="0"/>
  <testcase name="testCustomizeInvalidMaxConfigCacheSize" classname="com.ctrip.framework.apollo.util.ConfigUtilTest" time="0"/>
</testsuite>