<?xml version="1.0" encoding="UTF-8"?>
<testsuite xmlns:xsi="http://www.w3.org/2001/XMLSchema-instance" xsi:schemaLocation="https://maven.apache.org/surefire/maven-surefire-plugin/xsd/surefire-test-report.xsd" name="com.ctrip.framework.apollo.configservice.AllTests" time="19.611" tests="95" errors="0" skipped="0" failures="0">
  <properties>
[...]
</properties>
  <testcase name="testQueryConfigFileWithPrivateNamespace" classname="com.ctrip.framework.apollo.configservice.controller.ConfigControllerTest" time="0.11"/>
  <testcase name="testMergeConfigurations" classname="com.ctrip.framework.apollo.configservice.controller.ConfigControllerTest" time="0.013"/>
  <testcase name="testQueryConfigWithApolloConfigNotModified" classname="com.ctrip.framework.apollo.configservice.controller.ConfigControllerTest" time="0.006"/>
  <testcase name="testQueryConfigWithPublicNamespaceAndAppOverride" classname="com.ctrip.framework.apollo.configservice.controller.ConfigControllerTest" time="0.002"/>
  <testcase name="testTransformConfigurationToMapFailed" classname="com.ctrip.framework.apollo.configservice.controller.ConfigControllerTest" time="0.001"/>
  <testcase name="testQueryConfigFileWithPublicNamespaceAndNoAppOverride" classname="com.ctrip.framework.apollo.configservice.controller.ConfigControllerTest" time="0.002"/>
  <testcase name="testQueryConfigWithDefaultClusterWithDataCenterRelease" classname="com.ctrip.framework.apollo.configservice.controller.ConfigControllerTest" time="0.001"/>
  <testcase name="testQueryConfigWithDefaultClusterWithNoDataCenterRelease" classname="com.ctrip.framework.apollo.configservice.controller.ConfigControllerTest" time="0"/>
  <testcase name="testQueryConfigWithPublicNamespaceAndNoAppOverrideAndNoDataCenter" classname="com.ctrip.framework.apollo.configservice.controller.ConfigControllerTest" time="0.001"/>
  <testcase name="testQueryConfigForNoAppIdPlaceHolderWithPublicNamespace" classname="com.ctrip.framework.apollo.configservice.controller.ConfigControllerTest" time="0.002"/>
  <testcase name="testQueryConfigWithAppOwnNamespace" classname="com.ctrip.framework.apollo.configservice.controller.ConfigControllerTest" time="0.001"/>
  <testcase name="testQueryConfigWithPubicNamespaceAndNoAppOverride" classname="com.ctrip.framework.apollo.configservice.controller.ConfigControllerTest" time="0.002"/>
  <testcase name="testQueryConfigFile" classname="com.ctrip.framework.apollo.configservice.controller.ConfigControllerTest" time="0.001"/>
  <testcase name="testQueryConfigWithGrayRelease" classname="com.ctrip.framework.apollo.configservice.controller.ConfigControllerTest" time="0.001"/>
  <testcase name="testQueryConfig" classname="com.ctrip.framework.apollo.configservice.controller.ConfigControllerTest" time="0"/>
  <testcase name="testQueryConfigWithReleaseNotFound" classname="com.ctrip.framework.apollo.configservice.controller.ConfigControllerTest" time="0.001"/>
  <testcase name="testQueryConfigForNoAppIdPlaceHolder" classname="com.ctrip.framework.apollo.configservice.controller.ConfigControllerTest" time="0.001"/>
  <testcase name="testPollNotificationWithDefaultNamespace" classname="com.ctrip.framework.apollo.configservice.controller.NotificationControllerTest" time="0.019"/>
  <testcase name="testPollNotificationWithSomeNamespaceAsFile" classname="com.ctrip.framework.apollo.configservice.controller.NotificationControllerTest" time="0.001"/>
  <testcase name="testPollNotificationWithDefaultNamespaceAndHandleMessage" classname="com.ctrip.framework.apollo.configservice.controller.NotificationControllerTest" time="0.003"/>
  <testcase name="testPollNotificationWithDefaultNamespaceWithNotificationIdOutDated" classname="com.ctrip.framework.apollo.configservice.controller.NotificationControllerTest" time="0.002"/>
  <testcase name="testPollNotificationWithDefaultNamespaceAsFile" classname="com.ctrip.framework.apollo.configservice.controller.NotificationControllerTest" time="0.001"/>
  <testcase name="testQueryConfigFileWithDefaultClusterAndDefaultNamespaceOK" classname="com.ctrip.framework.apollo.configservice.integration.ConfigControllerIntegrationTest" time="0.334"/>
  <testcase name="testQueryPublicConfigWithDataCenterNotFoundAndOverride" classname="com.ctrip.framework.apollo.configservice.integration.ConfigControllerIntegrationTest" time="0.056"/>
  <testcase name="testQueryConfigError" classname="com.ctrip.framework.apollo.configservice.integration.ConfigControllerIntegrationTest" time="0.028"/>
  <testcase name="testQueryConfigWithDefaultClusterAndDefaultNamespaceOK" classname="com.ctrip.framework.apollo.configservice.integration.ConfigControllerIntegrationTest" time="0.024"/>
  <testcase name="testQueryConfigNotModified" classname="com.ctrip.framework.apollo.configservice.integration.ConfigControllerIntegrationTest" time="0.022"/>
  <testcase name="testQueryPublicConfigWithDataCenterNotFoundAndNoOverride" classname="com.ctrip.framework.apollo.configservice.integration.ConfigControllerIntegrationTest" time="0.026"/>
  <testcase name="testQueryPrivateConfigFileWithPublicNamespaceExists" classname="com.ctrip.framework.apollo.configservice.integration.ConfigControllerIntegrationTest" time="0.02"/>
  <testcase name="testQueryGrayConfigWithDefaultClusterAndDefaultNamespaceOK" classname="com.ctrip.framework.apollo.configservice.integration.ConfigControllerIntegrationTest" time="0.531"/>
  <testcase name="testQueryPublicConfigForNoAppIdPlaceHolder" classname="com.ctrip.framework.apollo.configservice.integration.ConfigControllerIntegrationTest" time="0.022"/>
  <testcase name="testQueryPublicConfigWithDataCenterFoundAndNoOverride" classname="com.ctrip.framework.apollo.configservice.integration.ConfigControllerIntegrationTest" time="0.023"/>
  <testcase name="testQueryPublicConfigWithDataCenterFoundAndOverride" classname="com.ctrip.framework.apollo.configservice.integration.ConfigControllerIntegrationTest" time="0.026"/>
  <testcase name="testQueryConfigWithNamespaceOK" classname="com.ctrip.framework.apollo.configservice.integration.ConfigControllerIntegrationTest" time="0.02"/>
  <testcase name="testQueryConfigFileWithNamespaceOK" classname="com.ctrip.framework.apollo.configservice.integration.ConfigControllerIntegrationTest" time="0.016"/>
  <testcase name="testQueryPublicGrayConfigWithOverride" classname="com.ctrip.framework.apollo.configservice.integration.ConfigControllerIntegrationTest" time="0.523"/>
  <testcase name="testQueryPublicGrayConfigWithNoOverride" classname="com.ctrip.framework.apollo.configservice.integration.ConfigControllerIntegrationTest" time="0.522"/>
  <testcase name="testQueryConfigForNoAppIdPlaceHolderWithPrivateNamespace" classname="com.ctrip.framework.apollo.configservice.integration.ConfigControllerIntegrationTest" time="0.009"/>
  <testcase name="testPollNotificationWthPublicNamespaceAsFile" classname="com.ctrip.framework.apollo.configservice.integration.NotificationControllerIntegrationTest" time="0.225"/>
  <testcase name="testPollNotificationWthPublicNamespaceAndDataCenter" classname="com.ctrip.framework.apollo.configservice.integration.NotificationControllerIntegrationTest" time="0.195"/>
  <testcase name="testPollNotificationWthPublicNamespaceAndNoDataCenter" classname="com.ctrip.framework.apollo.configservice.integration.NotificationControllerIntegrationTest" time="0.196"/>
  <testcase name="testPollNotificationWithPrivateNamespaceAsFile" classname="com.ctrip.framework.apollo.configservice.integration.NotificationControllerIntegrationTest" time="0.195"/>
  <testcase name="testPollNotificationWithDefaultNamespace" classname="com.ctrip.framework.apollo.configservice.integration.NotificationControllerIntegrationTest" time="0.196"/>
  <testcase name="testPollNotificationWithPublicNamespaceWithNotificationIdOutDated" classname="com.ctrip.framework.apollo.configservice.integration.NotificationControllerIntegrationTest" time="0.015"/>
  <testcase name="testPollNotificationWithDefaultNamespaceWithNotificationIdOutDated" classname="com.ctrip.framework.apollo.configservice.integration.NotificationControllerIntegrationTest" time="0.017"/>
  <testcase name="testPollNotificationWithDefaultNamespaceWithNotificationIdNull" classname="com.ctrip.framework.apollo.configservice.integration.NotificationControllerIntegrationTest" time="0.013"/>
  <testcase name="testPollNotificationWithDefaultNamespaceAsFile" classname="com.ctrip.framework.apollo.configservice.integration.NotificationControllerIntegrationTest" time="0.121"/>
  <testcase name="testFilterNamespaceName" classname="com.ctrip.framework.apollo.configservice.util.NamespaceUtilTest" time="0.001"/>
  <testcase name="testFilterNamespaceNameWithRandomCaseUnchanged" classname="com.ctrip.framework.apollo.configservice.util.NamespaceUtilTest" time="0"/>
  <testcase name="testFilterNamespaceNameWithMultiplePropertiesSuffix" classname="com.ctrip.framework.apollo.configservice.util.NamespaceUtilTest" time="0"/>
  <testcase name="testFilterNamespaceNameWithRandomCase" classname="com.ctrip.framework.apollo.configservice.util.NamespaceUtilTest" time="0"/>
  <testcase name="testFilterNamespaceNameUnchanged" classname="com.ctrip.framework.apollo.configservice.util.NamespaceUtilTest" time="0"/>
  <testcase name="testHandleMessage" classname="com.ctrip.framework.apollo.configservice.controller.ConfigFileControllerTest" time="0.003"/>
  <testcase name="testQueryConfigAsJson" classname="com.ctrip.framework.apollo.configservice.controller.ConfigFileControllerTest" time="0.01"/>
  <testcase name="testQueryConfigAsProperties" classname="com.ctrip.framework.apollo.configservice.controller.ConfigFileControllerTest" time="0.002"/>
  <testcase name="testQueryConfigWithGrayRelease" classname="com.ctrip.framework.apollo.configservice.controller.ConfigFileControllerTest" time="0.002"/>
  <testcase name="testQueryConfigAsPropertiesWithGrayRelease" classname="com.ctrip.framework.apollo.configservice.integration.ConfigFileControllerIntegrationTest" time="0.522"/>
  <testcase name="testQueryConfigAsJson" classname="com.ctrip.framework.apollo.configservice.integration.ConfigFileControllerIntegrationTest" time="0.017"/>
  <testcase name="testQueryPublicConfigAsJson" classname="com.ctrip.framework.apollo.configservice.integration.ConfigFileControllerIntegrationTest" time="0.017"/>
  <testcase name="testQueryPublicConfigAsJsonWithGrayRelease" classname="com.ctrip.framework.apollo.configservice.integration.ConfigFileControllerIntegrationTest" time="0.525"/>
  <testcase name="testQueryPublicConfigAsProperties" classname="com.ctrip.framework.apollo.configservice.integration.ConfigFileControllerIntegrationTest" time="0.015"/>
  <testcase name="testQueryConfigAsProperties" classname="com.ctrip.framework.apollo.configservice.integration.ConfigFileControllerIntegrationTest" time="0.01"/>
  <testcase name="testConfigChanged" classname="com.ctrip.framework.apollo.configservice.integration.ConfigFileControllerIntegrationTest" time="0.561"/>
  <testcase name="testAssembleAllWatchKeysWithOneNamespaceAndSomeDC" classname="com.ctrip.framework.apollo.configservice.util.WatchKeysUtilTest" time="0.001"/>
  <testcase name="testAssembleAllWatchKeysWithPrivateAndPublicNamespaces" classname="com.ctrip.framework.apollo.configservice.util.WatchKeysUtilTest" time="0.003"/>
  <testcase name="testAssembleWatchKeysForNoAppIdPlaceHolderAndPublicNamespace" classname="com.ctrip.framework.apollo.configservice.util.WatchKeysUtilTest" time="0"/>
  <testcase name="testAssembleWatchKeysForNoAppIdPlaceHolder" classname="com.ctrip.framework.apollo.configservice.util.WatchKeysUtilTest" time="0"/>
  <testcase name="testAssembleAllWatchKeysWithMultipleNamespaces" classname="com.ctrip.framework.apollo.configservice.util.WatchKeysUtilTest" time="0.001"/>
  <testcase name="testAssembleAllWatchKeysWithOneNamespaceAndDefaultCluster" classname="com.ctrip.framework.apollo.configservice.util.WatchKeysUtilTest" time="0"/>
  <testcase name="testAssembleAllWatchKeysWithOneNamespaceAndSomeDCAndSomeCluster" classname="com.ctrip.framework.apollo.configservice.util.WatchKeysUtilTest" time="0"/>
  <testcase name="testPollNotificationWithMultipleNamespacesAndHandleMessage" classname="com.ctrip.framework.apollo.configservice.controller.NotificationControllerV2Test" time="0.002"/>
  <testcase name="testPollNotificationWithMultipleNamespaceWithNotificationIdOutDated" classname="com.ctrip.framework.apollo.configservice.controller.NotificationControllerV2Test" time="0.001"/>
  <testcase name="testPollNotificationWithMultipleNamespaces" classname="com.ctrip.framework.apollo.configservice.controller.NotificationControllerV2Test" time="0.001"/>
  <testcase name="testPollNotificationWithDefaultNamespace" classname="com.ctrip.framework.apollo.configservice.controller.NotificationControllerV2Test" time="0.001"/>
  <testcase name="testPollNotificationWithHandleMessageInBatch" classname="com.ctrip.framework.apollo.configservice.controller.NotificationControllerV2Test" time="0.103"/>
  <testcase name="testPollNotificationWithDefaultNamespaceAsFile" classname="com.ctrip.framework.apollo.configservice.controller.NotificationControllerV2Test" time="0.001"/>
  <testcase name="testPollNotificationWthMultipleNamespacesAndMultipleNamespacesChanged" classname="com.ctrip.framework.apollo.configservice.integration.NotificationControllerV2IntegrationTest" time="0.178"/>
  <testcase name="testPollNotificationWthPublicNamespaceAsFile" classname="com.ctrip.framework.apollo.configservice.integration.NotificationControllerV2IntegrationTest" time="0.178"/>
  <testcase name="testPollNotificationWthPublicNamespaceAndDataCenter" classname="com.ctrip.framework.apollo.configservice.integration.NotificationControllerV2IntegrationTest" time="0.198"/>
  <testcase name="testPollNotificationWthPublicNamespaceAndNoDataCenter" classname="com.ctrip.framework.apollo.configservice.integration.NotificationControllerV2IntegrationTest" time="0.201"/>
  <testcase name="testPollNotificationWithPrivateNamespaceAsFile" classname="com.ctrip.framework.apollo.configservice.integration.NotificationControllerV2IntegrationTest" time="0.197"/>
  <testcase name="testPollNotificationWithMultipleNamespaces" classname="com.ctrip.framework.apollo.configservice.integration.NotificationControllerV2IntegrationTest" time="0.196"/>
  <testcase name="testPollNotificationWithDefaultNamespace" classname="com.ctrip.framework.apollo.configservice.integration.NotificationControllerV2IntegrationTest" time="0.198"/>
  <testcase name="testPollNotificationWithPublicNamespaceWithNotificationIdOutDated" classname="com.ctrip.framework.apollo.configservice.integration.NotificationControllerV2IntegrationTest" time="0.015"/>
  <testcase name="testPollNotificationWithDefaultNamespaceWithNotificationIdOutDated" classname="com.ctrip.framework.apollo.configservice.integration.NotificationControllerV2IntegrationTest" time="0.017"/>
  <testcase name="testPollNotificationWithMultipleNamespacesAndNotificationIdsOutDated" classname="com.ctrip.framework.apollo.configservice.integration.NotificationControllerV2IntegrationTest" time="0.016"/>
  <testcase name="testPollNotificationWithDefaultNamespaceAsFile" classname="com.ctrip.framework.apollo.configservice.integration.NotificationControllerV2IntegrationTest" time="0.115"/>
  <testcase name="testAudit" classname="com.ctrip.framework.apollo.configservice.util.InstanceConfigAuditUtilTest" time="0.001"/>
  <testcase name="testDoAudit" classname="com.ctrip.framework.apollo.configservice.util.InstanceConfigAuditUtilTest" time="0.008"/>
  <testcase name="testAppNamespace" classname="com.ctrip.framework.apollo.configservice.service.AppNamespaceServiceWithCacheTest" time="1.502"/>
  <testcase name="testWhenHasReleaseMsgAndHasRepeatMsg" classname="com.ctrip.framework.apollo.configservice.service.ReleaseMessageServiceWithCacheTest" time="0"/>
  <testcase name="testNewReleaseMessagesBeforeHandleMessage" classname="com.ctrip.framework.apollo.configservice.service.ReleaseMessageServiceWithCacheTest" time="0.101"/>
  <testcase name="testWhenNoReleaseMessages" classname="com.ctrip.framework.apollo.configservice.service.ReleaseMessageServiceWithCacheTest" time="0"/>
  <testcase name="testNewReleasesWithHandleMessage" classname="com.ctrip.framework.apollo.configservice.service.ReleaseMessageServiceWithCacheTest" time="0.001"/>
  <testcase name="testWhenReleaseMsgSizeBiggerThan500" classname="com.ctrip.framework.apollo.configservice.service.ReleaseMessageServiceWithCacheTest" time="0"/>
</testsuite>