<?xml version="1.0" encoding="UTF-8"?>
<testsuite xmlns:xsi="http://www.w3.org/2001/XMLSchema-instance" xsi:schemaLocation="https://maven.apache.org/surefire/maven-surefire-plugin/xsd/surefire-test-report.xsd" name="com.ctrip.framework.apollo.adminservice.AllTests" time="18.367" tests="37" errors="0" skipped="0" failures="0">
  <properties>
[...]
</properties>
  <testcase name="testFindNotExist" classname="com.ctrip.framework.apollo.adminservice.controller.AppControllerTest" time="0.235"/>
  <testcase name="testCreateTwice" classname="com.ctrip.framework.apollo.adminservice.controller.AppControllerTest" time="0.153"/>
  <testcase name="testFind" classname="com.ctrip.framework.apollo.adminservice.controller.AppControllerTest" time="0.02"/>
  <testcase name="testCheckIfAppIdUnique" classname="com.ctrip.framework.apollo.adminservice.controller.AppControllerTest" time="0.064"/>
  <testcase name="testCreate" classname="com.ctrip.framework.apollo.adminservice.controller.AppControllerTest" time="0.028"/>
  <testcase name="testDelete" classname="com.ctrip.framework.apollo.adminservice.controller.AppControllerTest" time="0.033"/>
  <testcase name="testMessageSendAfterBuildRelease" classname="com.ctrip.framework.apollo.adminservice.controller.ReleaseControllerTest" time="0.122"/>
  <testcase name="testReleaseBuild" classname="com.ctrip.framework.apollo.adminservice.controller.ReleaseControllerTest" time="0.227"/>
  <testcase name="testItemSetUpdated" classname="com.ctrip.framework.apollo.adminservice.controller.ItemSetControllerTest" time="0.141"/>
  <testcase name="testItemSetCreated" classname="com.ctrip.framework.apollo.adminservice.controller.ItemSetControllerTest" time="0.062"/>
  <testcase name="testItemSetDeleted" classname="com.ctrip.framework.apollo.adminservice.controller.ItemSetControllerTest" time="0.091"/>
  <testcase name="testFindNotExists" classname="com.ctrip.framework.apollo.adminservice.controller.ControllerExceptionTest" time="0.001"/>
  <testcase name="testFindByName" classname="com.ctrip.framework.apollo.adminservice.controller.ControllerExceptionTest" time="0"/>
  <testcase name="testFindEmpty" classname="com.ctrip.framework.apollo.adminservice.controller.ControllerExceptionTest" time="0"/>
  <testcase name="createFailed" classname="com.ctrip.framework.apollo.adminservice.controller.ControllerExceptionTest" time="0.001"/>
  <testcase name="testDeleteNotExists" classname="com.ctrip.framework.apollo.adminservice.controller.ControllerExceptionTest" time="0"/>
  <testcase name="testCreateFailed" classname="com.ctrip.framework.apollo.adminservice.controller.ControllerIntegrationExceptionTest" time="0.013"/>
  <testcase name="acquireLockWithNotLockedAndSwitchON" classname="com.ctrip.framework.apollo.adminservice.aop.NamespaceLockTest" time="0"/>
  <testcase name="acquireLockWithAlreadyLockedByOtherGuy" classname="com.ctrip.framework.apollo.adminservice.aop.NamespaceLockTest" time="0"/>
  <testcase name="acquireLockWithNamespaceIdSwitchOn" classname="com.ctrip.framework.apollo.adminservice.aop.NamespaceLockTest" time="0"/>
  <testcase name="acquireLockWithNotLockedAndSwitchOFF" classname="com.ctrip.framework.apollo.adminservice.aop.NamespaceLockTest" time="0"/>
  <testcase name="acquireLockWithAlreadyLockedBySelf" classname="com.ctrip.framework.apollo.adminservice.aop.NamespaceLockTest" time="0"/>
  <testcase name="testDuplicateLock" classname="com.ctrip.framework.apollo.adminservice.aop.NamespaceLockTest" time="0.003"/>
  <testcase name="testGetInstancesByNamespace" classname="com.ctrip.framework.apollo.adminservice.controller.InstanceConfigControllerTest" time="0.006"/>
  <testcase name="testGetByReleasesNotIn" classname="com.ctrip.framework.apollo.adminservice.controller.InstanceConfigControllerTest" time="0.027"/>
  <testcase name="testGetInstancesCountByNamespace" classname="com.ctrip.framework.apollo.adminservice.controller.InstanceConfigControllerTest" time="0"/>
  <testcase name="testGetByReleaseWhenReleaseIsNotFound" classname="com.ctrip.framework.apollo.adminservice.controller.InstanceConfigControllerTest" time="0"/>
  <testcase name="testGetInstancesByNamespaceAndInstanceAppId" classname="com.ctrip.framework.apollo.adminservice.controller.InstanceConfigControllerTest" time="0.001"/>
  <testcase name="getByRelease" classname="com.ctrip.framework.apollo.adminservice.controller.InstanceConfigControllerTest" time="0.001"/>
  <testcase name="testCreate" classname="com.ctrip.framework.apollo.adminservice.controller.AppNamespaceControllerTest" time="0.019"/>
  <testcase name="testNamespaceAddItem" classname="com.ctrip.framework.apollo.adminservice.aop.NamespaceUnlockAspectTest" time="0.003"/>
  <testcase name="testNamespaceModifyItem" classname="com.ctrip.framework.apollo.adminservice.aop.NamespaceUnlockAspectTest" time="0.001"/>
  <testcase name="testChildNamespaceModified" classname="com.ctrip.framework.apollo.adminservice.aop.NamespaceUnlockAspectTest" time="0.001"/>
  <testcase name="testNamespaceDeleteItem" classname="com.ctrip.framework.apollo.adminservice.aop.NamespaceUnlockAspectTest" time="0"/>
  <testcase name="testNamespaceHasNoNormalItemsAndRelease" classname="com.ctrip.framework.apollo.adminservice.aop.NamespaceUnlockAspectTest" time="0"/>
  <testcase name="testChildNamespaceNotModified" classname="com.ctrip.framework.apollo.adminservice.aop.NamespaceUnlockAspectTest" time="0"/>
  <testcase name="testParentNamespaceNotReleased" classname="com.ctrip.framework.apollo.adminservice.aop.NamespaceUnlockAspectTest" time="0"/>
</testsuite>