<?xml version="1.0" encoding="UTF-8"?>
<testsuite xmlns:xsi="http://www.w3.org/2001/XMLSchema-instance" xsi:schemaLocation="https://maven.apache.org/surefire/maven-surefire-plugin/xsd/surefire-test-report.xsd" name="com.ctrip.framework.apollo.AllTests" time="5.04" tests="31" errors="0" skipped="0" failures="0">
  <properties>
[...]
</properties>
  <testcase name="testGetMetaDomain" classname="com.ctrip.framework.apollo.core.MetaDomainTest" time="0.3"/>
  <testcase name="loadFirstWithServiceFileButNoServiceImpl" classname="com.ctrip.framework.apollo.foundation.internals.ServiceBootstrapTest" time="0"/>
  <testcase name="loadFirstWithWrongServiceImpl" classname="com.ctrip.framework.apollo.foundation.internals.ServiceBootstrapTest" time="0.001"/>
  <testcase name="loadFirstWithNoServiceFileDefined" classname="com.ctrip.framework.apollo.foundation.internals.ServiceBootstrapTest" time="0"/>
  <testcase name="loadFirstWithServiceImplNotExists" classname="com.ctrip.framework.apollo.foundation.internals.ServiceBootstrapTest" time="0.001"/>
  <testcase name="loadFirstSuccessfully" classname="com.ctrip.framework.apollo.foundation.internals.ServiceBootstrapTest" time="0.001"/>
  <testcase name="testGetProducer" classname="com.ctrip.framework.apollo.tracer.internals.NullMessageProducerManagerTest" time="0.001"/>
  <testcase name="testNewTransaction" classname="com.ctrip.framework.apollo.tracer.internals.NullMessageProducerTest" time="0"/>
  <testcase name="testGetProducer" classname="com.ctrip.framework.apollo.tracer.internals.DefaultMessageProducerManagerTest" time="0.001"/>
  <testcase name="testLogError" classname="com.ctrip.framework.apollo.tracer.TracerTest" time="0.112"/>
  <testcase name="testLogEvent" classname="com.ctrip.framework.apollo.tracer.TracerTest" time="0.001"/>
  <testcase name="testLogErrorWithOnlyCauseWithException" classname="com.ctrip.framework.apollo.tracer.TracerTest" time="0.007"/>
  <testcase name="testLogErrorWithOnlyCause" classname="com.ctrip.framework.apollo.tracer.TracerTest" time="0"/>
  <testcase name="testNewTransactionWithException" classname="com.ctrip.framework.apollo.tracer.TracerTest" time="0.001"/>
  <testcase name="testLogErrorWithException" classname="com.ctrip.framework.apollo.tracer.TracerTest" time="0.001"/>
  <testcase name="testNewTransaction" classname="com.ctrip.framework.apollo.tracer.TracerTest" time="0.004"/>
  <testcase name="testLogEventWithStatusAndNameValuePairs" classname="com.ctrip.framework.apollo.tracer.TracerTest" time="0"/>
  <testcase name="testLogEventWithException" classname="com.ctrip.framework.apollo.tracer.TracerTest" time="0.001"/>
  <testcase name="testLogEventWithStatusAndNameValuePairsWithException" classname="com.ctrip.framework.apollo.tracer.TracerTest" time="0"/>
  <testcase name="testLoadAppPropertiesWithUTF8Bom" classname="com.ctrip.framework.apollo.foundation.internals.provider.DefaultApplicationProviderTest" time="0.007"/>
  <testcase name="testLoadAppProperties" classname="com.ctrip.framework.apollo.foundation.internals.provider.DefaultApplicationProviderTest" time="0"/>
  <testcase name="testLoadAppPropertiesWithSystemProperty" classname="com.ctrip.framework.apollo.foundation.internals.provider.DefaultApplicationProviderTest" time="0.001"/>
  <testcase name="testLoadAppPropertiesFailed" classname="com.ctrip.framework.apollo.foundation.internals.provider.DefaultApplicationProviderTest" time="0.001"/>
  <testcase name="testWithNoPropertiesStream" classname="com.ctrip.framework.apollo.foundation.internals.provider.DefaultServerProviderTest" time="0.001"/>
  <testcase name="testEnvWithSystemProperty" classname="com.ctrip.framework.apollo.foundation.internals.provider.DefaultServerProviderTest" time="0.001"/>
  <testcase name="testWithPropertiesStreamAndEnvFromSystemProperty" classname="com.ctrip.framework.apollo.foundation.internals.provider.DefaultServerProviderTest" time="0"/>
  <testcase name="testWithUTF8BomPropertiesStream" classname="com.ctrip.framework.apollo.foundation.internals.provider.DefaultServerProviderTest" time="0.001"/>
  <testcase name="testWithPropertiesStream" classname="com.ctrip.framework.apollo.foundation.internals.provider.DefaultServerProviderTest" time="0.001"/>
  <testcase name="testApp" classname="com.ctrip.framework.apollo.foundation.FoundationTest" time="0.003"/>
  <testcase name="testNet" classname="com.ctrip.framework.apollo.foundation.FoundationTest" time="4.548"/>
  <testcase name="testServer" classname="com.ctrip.framework.apollo.foundation.FoundationTest" time="0"/>
</testsuite>