<?xml version="1.0" encoding="UTF-8"?>
<testsuite xmlns:xsi="http://www.w3.org/2001/XMLSchema-instance" xsi:schemaLocation="https://maven.apache.org/surefire/maven-surefire-plugin/xsd/surefire-test-report.xsd" name="com.ctrip.framework.apollo.biz.AllTests" time="10.94" tests="55" errors="0" skipped="0" failures="0">
  <properties>
[...]
</properties>
  <testcase name="testCreate" classname="com.ctrip.framework.apollo.biz.repository.AppRepositoryTest" time="0.053"/>
  <testcase name="testRemove" classname="com.ctrip.framework.apollo.biz.repository.AppRepositoryTest" time="0.019"/>
  <testcase name="testFindByNameAndNoPublicNamespace" classname="com.ctrip.framework.apollo.biz.repository.AppNamespaceRepositoryTest" time="0.012"/>
  <testcase name="testFindByNameAndIsPublicTrue" classname="com.ctrip.framework.apollo.biz.repository.AppNamespaceRepositoryTest" time="0.006"/>
  <testcase name="testCreateNewApp" classname="com.ctrip.framework.apollo.biz.service.AdminServiceTest" time="0.084"/>
  <testcase name="testCreateDuplicateApp" classname="com.ctrip.framework.apollo.biz.service.AdminServiceTest" time="0.004"/>
  <testcase name="modifyDatabaseWithinTransaction" classname="com.ctrip.framework.apollo.biz.service.AdminServiceTransactionTest" time="0.042"/>
  <testcase name="testSendUnsupportedMessage" classname="com.ctrip.framework.apollo.biz.message.DatabaseMessageSenderTest" time="0.015"/>
  <testcase name="testSendMessage" classname="com.ctrip.framework.apollo.biz.message.DatabaseMessageSenderTest" time="0.007"/>
  <testcase name="testGetDefaultConfig" classname="com.ctrip.framework.apollo.biz.service.BizDBPropertySourceTest" time="0.025"/>
  <testcase name="testGetDcConfig" classname="com.ctrip.framework.apollo.biz.service.BizDBPropertySourceTest" time="0.001"/>
  <testcase name="testGetNull" classname="com.ctrip.framework.apollo.biz.service.BizDBPropertySourceTest" time="0.002"/>
  <testcase name="testGetClusterConfig" classname="com.ctrip.framework.apollo.biz.service.BizDBPropertySourceTest" time="0.001"/>
  <testcase name="testFindByReleaseKeys" classname="com.ctrip.framework.apollo.biz.service.ReleaseServiceTest" time="0.01"/>
  <testcase name="testRollback" classname="com.ctrip.framework.apollo.biz.service.ReleaseServiceTest" time="0.001"/>
  <testcase name="testFindByReleaseIds" classname="com.ctrip.framework.apollo.biz.service.ReleaseServiceTest" time="0"/>
  <testcase name="testNamespaceNotExist" classname="com.ctrip.framework.apollo.biz.service.ReleaseServiceTest" time="0.001"/>
  <testcase name="testFindRelease" classname="com.ctrip.framework.apollo.biz.service.ReleaseServiceTest" time="0.001"/>
  <testcase name="testLoadConfigWithConfigNotFound" classname="com.ctrip.framework.apollo.biz.service.ReleaseServiceTest" time="0.001"/>
  <testcase name="testHasNoRelease" classname="com.ctrip.framework.apollo.biz.service.ReleaseServiceTest" time="0"/>
  <testcase name="testScanMessageAndNotifyMessageListener" classname="com.ctrip.framework.apollo.biz.message.ReleaseMessageScannerTest" time="0.204"/>
  <testcase name="testCreateDuplicateCluster" classname="com.ctrip.framework.apollo.biz.service.ClusterServiceTest" time="0.02"/>
  <testcase name="testGenerateReleaseKey" classname="com.ctrip.framework.apollo.biz.utils.ReleaseKeyGeneratorTest" time="0.241"/>
  <testcase name="testFindInstancesByNamespaceAndInstanceAppId" classname="com.ctrip.framework.apollo.biz.service.InstanceServiceTest" time="0.077"/>
  <testcase name="testFindActiveInstanceConfigs" classname="com.ctrip.framework.apollo.biz.service.InstanceServiceTest" time="0.011"/>
  <testcase name="testFindInstancesByIds" classname="com.ctrip.framework.apollo.biz.service.InstanceServiceTest" time="0.008"/>
  <testcase name="testFindInstanceConfigsByNamespaceWithReleaseKeysNotIn" classname="com.ctrip.framework.apollo.biz.service.InstanceServiceTest" time="0.013"/>
  <testcase name="testCreateAndFindInstanceConfig" classname="com.ctrip.framework.apollo.biz.service.InstanceServiceTest" time="0.012"/>
  <testcase name="testFindInstancesByNamespace" classname="com.ctrip.framework.apollo.biz.service.InstanceServiceTest" time="0.016"/>
  <testcase name="testCreateAndFindInstance" classname="com.ctrip.framework.apollo.biz.service.InstanceServiceTest" time="0.008"/>
  <testcase name="testScanGrayReleaseRules" classname="com.ctrip.framework.apollo.biz.grayReleaseRule.GrayReleaseRulesHolderTest" time="0.032"/>
  <testcase name="testUpdateRulesReleaseIdWithOldRuleExist" classname="com.ctrip.framework.apollo.biz.service.NamespaceBranchServiceTest" time="0.057"/>
  <testcase name="testFindBranch" classname="com.ctrip.framework.apollo.biz.service.NamespaceBranchServiceTest" time="0.019"/>
  <testcase name="testDeleteBranch" classname="com.ctrip.framework.apollo.biz.service.NamespaceBranchServiceTest" time="0.076"/>
  <testcase name="testUpdateBranchGrayRulesWithUpdateOnce" classname="com.ctrip.framework.apollo.biz.service.NamespaceBranchServiceTest" time="0.014"/>
  <testcase name="testUpdateBranchGrayRulesWithUpdateTwice" classname="com.ctrip.framework.apollo.biz.service.NamespaceBranchServiceTest" time="0.02"/>
  <testcase name="testUpdateRulesReleaseIdWithOldRuleNotExist" classname="com.ctrip.framework.apollo.biz.service.NamespaceBranchServiceTest" time="0.004"/>
  <testcase name="testPublishNormalNamespace" classname="com.ctrip.framework.apollo.biz.service.ReleaseCreationTest" time="0.056"/>
  <testcase name="testPublishBranch" classname="com.ctrip.framework.apollo.biz.service.ReleaseCreationTest" time="0.037"/>
  <testcase name="testPublishMasterNamespaceAndBranchHasNotItems" classname="com.ctrip.framework.apollo.biz.service.ReleaseCreationTest" time="0.041"/>
  <testcase name="testPublishBranchAtFirstTime" classname="com.ctrip.framework.apollo.biz.service.ReleaseCreationTest" time="0.029"/>
  <testcase name="testModifyMasterNamespaceItemsAndBranchAlsoModify" classname="com.ctrip.framework.apollo.biz.service.ReleaseCreationTest" time="0.038"/>
  <testcase name="testRollback" classname="com.ctrip.framework.apollo.biz.service.ReleaseCreationTest" time="0.041"/>
  <testcase name="testPublishMasterNamespaceAndBranchHasItems" classname="com.ctrip.framework.apollo.biz.service.ReleaseCreationTest" time="0.033"/>
  <testcase name="testNamespaceEverPublishedAndModifiedAfter" classname="com.ctrip.framework.apollo.biz.service.NamespacePublishInfoTest" time="0.001"/>
  <testcase name="testNamespaceNotEverPublishedButHasItems" classname="com.ctrip.framework.apollo.biz.service.NamespacePublishInfoTest" time="0"/>
  <testcase name="testNamespaceEverPublishedAndNotModifiedAfter" classname="com.ctrip.framework.apollo.biz.service.NamespacePublishInfoTest" time="0"/>
  <testcase name="testDeleteNamespace" classname="com.ctrip.framework.apollo.biz.service.NamespaceServiceIntegrationTest" time="0.046"/>
  <testcase name="testCheckInt" classname="com.ctrip.framework.apollo.biz.config.BizConfigTest" time="0"/>
  <testcase name="testReleaseMessageNotificationBatch" classname="com.ctrip.framework.apollo.biz.config.BizConfigTest" time="0"/>
  <testcase name="testReleaseMessageNotificationBatchWithInvalidNumber" classname="com.ctrip.framework.apollo.biz.config.BizConfigTest" time="0"/>
  <testcase name="testReleaseMessageNotificationBatchWithNAN" classname="com.ctrip.framework.apollo.biz.config.BizConfigTest" time="0.001"/>
  <testcase name="testReleaseMessageNotificationBatchWithDefaultValue" classname="com.ctrip.framework.apollo.biz.config.BizConfigTest" time="0"/>
  <testcase name="testFindPublicAppNamespace" classname="com.ctrip.framework.apollo.biz.service.NamespaceServiceTest" time="0.009"/>
  <testcase name="testFindPublicAppNamespaceWithWrongNamespace" classname="com.ctrip.framework.apollo.biz.service.NamespaceServiceTest" time="0"/>
</testsuite>